<?xml version="1.0" encoding="UTF-8"?>
<!-- Generated by org.testng.reporters.JUnitXMLReporter -->
<testsuite ignored="1" hostname="JACK-PC" failures="5" tests="8" name="main-suite-test1" time="0.08" errors="0" timestamp="2022-03-12T10:32:50 ICT">
  <testcase classname="Bai1.TestClass" name="a1" time="0.003"/>
  <testcase classname="Bai1.TestClass" name="a2" time="0.0">
    <failure type="org.testng.TestNGException" message="
Parameter &amp;apos;param&amp;apos; is required by @Test on method a2 but has not been marked @Optional or defined
in C:\Users\balis\Desktop\my-eclipse-workspace\Servers\Lab7_Testing\src\main\java\Bai1\main-suite.xml">
      <![CDATA[org.testng.TestNGException: 
Parameter 'param' is required by @Test on method a2 but has not been marked @Optional or defined
in C:\Users\balis\Desktop\my-eclipse-workspace\Servers\Lab7_Testing\src\main\java\Bai1\main-suite.xml
at java.base/java.util.ArrayList.forEach(ArrayList.java:1541)
... Removed 26 stack frames]]>
    </failure>
  </testcase> <!-- a2 -->
  <testcase classname="Bai1.TestClass1" name="t1" time="0.001">
    <failure type="java.lang.AssertionError" message="expected [true] but found [false]">
      <![CDATA[java.lang.AssertionError: expected [true] but found [false]
at Bai1.TestClass1.t1(TestClass1.java:11)
at java.base/java.util.ArrayList.forEach(ArrayList.java:1541)
... Removed 31 stack frames]]>
    </failure>
  </testcase> <!-- t1 -->
  <testcase classname="Bai1.TestClass1" name="t2" time="0.003">
    <failure type="java.lang.AssertionError" message="expected [true] but found [false]">
      <![CDATA[java.lang.AssertionError: expected [true] but found [false]
at Bai1.TestClass1.t2(TestClass1.java:16)
at java.base/java.util.ArrayList.forEach(ArrayList.java:1541)
... Removed 31 stack frames]]>
    </failure>
  </testcase> <!-- t2 -->
  <testcase classname="Bai1.TestClass1" name="t3" time="0.001"/>
  <testcase classname="Bai1.TestClass1" name="t4" time="0.004"/>
  <testcase classname="Bai1.TestClass1" name="t5" time="0.002">
    <failure type="java.lang.AssertionError" message="expected [true] but found [false]">
      <![CDATA[java.lang.AssertionError: expected [true] but found [false]
at Bai1.TestClass1.t5(TestClass1.java:29)
at java.base/java.util.ArrayList.forEach(ArrayList.java:1541)
... Removed 31 stack frames]]>
    </failure>
  </testcase> <!-- t5 -->
  <testcase classname="Bai1.TestClass1" name="t5" time="0.002">
    <failure type="java.lang.AssertionError" message="expected [true] but found [false]">
      <![CDATA[java.lang.AssertionError: expected [true] but found [false]
at Bai1.TestClass1.t5(TestClass1.java:29)
at java.base/java.util.ArrayList.forEach(ArrayList.java:1541)
... Removed 31 stack frames]]>
    </failure>
  </testcase> <!-- t5 -->
  <testcase classname="Bai1.TestClass" name="a3" time="0.0">
    <ignored/>
  </testcase> <!-- a3 -->
</testsuite> <!-- main-suite-test1 -->
